# JRE version: 7.0_04-b21
# Java VM: Java HotSpot(TM) 64-Bit Server VM (23.0-b21 mixed mode bsd-amd64 compressed oops)
Heap
 PSYoungGen      total 152896K, used 152871K [0x00000007eaab0000, 0x00000007fd550000, 0x0000000800000000)
  eden space 131072K, 100% used [0x00000007eaab0000,0x00000007f2ab0000,0x00000007f2ab0000)
  from space 21824K, 99% used [0x00000007f4000000,0x00000007f5549f38,0x00000007f5550000)
  to   space 21824K, 4% used [0x00000007f2ab0000,0x00000007f2bb8000,0x00000007f4000000)
 ParOldGen       total 349568K, used 3195K [0x00000007c0000000, 0x00000007d5560000, 0x00000007eaab0000)
  object space 349568K, 0% used [0x00000007c0000000,0x00000007c031efc0,0x00000007d5560000)
 PSPermGen       total 34880K, used 34790K [0x00000007b8000000, 0x00000007ba210000, 0x00000007c0000000)
  object space 34880K, 99% used [0x00000007b8000000,0x00000007ba1f98d8,0x00000007ba210000)
GC Heap History (5 events):
Event: 3.913 GC heap before
{Heap before GC invocations=1 (full 0):
 PSYoungGen      total 152896K, used 131072K [0x00000007eaab0000, 0x00000007f5550000, 0x0000000800000000)
  eden space 131072K, 100% used [0x00000007eaab0000,0x00000007f2ab0000,0x00000007f2ab0000)
  from space 21824K, 0% used [0x00000007f4000000,0x00000007f4000000,0x00000007f5550000)
  to   space 21824K, 0% used [0x00000007f2ab0000,0x00000007f2ab0000,0x00000007f4000000)
 ParOldGen       total 349568K, used 0K [0x00000007c0000000, 0x00000007d5560000, 0x00000007eaab0000)
  object space 349568K, 0% used [0x00000007c0000000,0x00000007c0000000,0x00000007d5560000)
 PSPermGen       total 21248K, used 12567K [0x00000007b8000000, 0x00000007b94c0000, 0x00000007c0000000)
  object space 21248K, 59% used [0x00000007b8000000,0x00000007b8c45e30,0x00000007b94c0000)
Event: 3.949 GC heap after
Heap after GC invocations=1 (full 0):
 PSYoungGen      total 152896K, used 12983K [0x00000007eaab0000, 0x00000007f5550000, 0x0000000800000000)
  eden space 131072K, 0% used [0x00000007eaab0000,0x00000007eaab0000,0x00000007f2ab0000)
  from space 21824K, 59% used [0x00000007f2ab0000,0x00000007f375df40,0x00000007f4000000)
  to   space 21824K, 0% used [0x00000007f4000000,0x00000007f4000000,0x00000007f5550000)
 ParOldGen       total 349568K, used 8K [0x00000007c0000000, 0x00000007d5560000, 0x00000007eaab0000)
  object space 349568K, 0% used [0x00000007c0000000,0x00000007c0002000,0x00000007d5560000)
 PSPermGen       total 21248K, used 12567K [0x00000007b8000000, 0x00000007b94c0000, 0x00000007c0000000)
  object space 21248K, 59% used [0x00000007b8000000,0x00000007b8c45e30,0x00000007b94c0000)
}
Event: 6.498 GC heap before
{Heap before GC invocations=2 (full 0):
 PSYoungGen      total 152896K, used 144055K [0x00000007eaab0000, 0x00000007f5550000, 0x0000000800000000)
  eden space 131072K, 100% used [0x00000007eaab0000,0x00000007f2ab0000,0x00000007f2ab0000)
  from space 21824K, 59% used [0x00000007f2ab0000,0x00000007f375df40,0x00000007f4000000)
  to   space 21824K, 0% used [0x00000007f4000000,0x00000007f4000000,0x00000007f5550000)
 ParOldGen       total 349568K, used 8K [0x00000007c0000000, 0x00000007d5560000, 0x00000007eaab0000)
  object space 349568K, 0% used [0x00000007c0000000,0x00000007c0002000,0x00000007d5560000)
 PSPermGen       total 21248K, used 20853K [0x00000007b8000000, 0x00000007b94c0000, 0x00000007c0000000)
  object space 21248K, 98% used [0x00000007b8000000,0x00000007b945d468,0x00000007b94c0000)
Event: 6.543 GC heap after
Heap after GC invocations=2 (full 0):
 PSYoungGen      total 152896K, used 21799K [0x00000007eaab0000, 0x00000007fd550000, 0x0000000800000000)
  eden space 131072K, 0% used [0x00000007eaab0000,0x00000007eaab0000,0x00000007f2ab0000)
  from space 21824K, 99% used [0x00000007f4000000,0x00000007f5549f38,0x00000007f5550000)
  to   space 21824K, 0% used [0x00000007f2ab0000,0x00000007f2ab0000,0x00000007f4000000)
 ParOldGen       total 349568K, used 3195K [0x00000007c0000000, 0x00000007d5560000, 0x00000007eaab0000)
  object space 349568K, 0% used [0x00000007c0000000,0x00000007c031efc0,0x00000007d5560000)
 PSPermGen       total 21248K, used 20853K [0x00000007b8000000, 0x00000007b94c0000, 0x00000007c0000000)
  object space 21248K, 98% used [0x00000007b8000000,0x00000007b945d468,0x00000007b94c0000)
}
Event: 8.923 GC heap before
{Heap before GC invocations=3 (full 0):
 PSYoungGen      total 152896K, used 152871K [0x00000007eaab0000, 0x00000007fd550000, 0x0000000800000000)
  eden space 131072K, 100% used [0x00000007eaab0000,0x00000007f2ab0000,0x00000007f2ab0000)
  from space 21824K, 99% used [0x00000007f4000000,0x00000007f5549f38,0x00000007f5550000)
  to   space 21824K, 0% used [0x00000007f2ab0000,0x00000007f2ab0000,0x00000007f4000000)
 ParOldGen       total 349568K, used 3195K [0x00000007c0000000, 0x00000007d5560000, 0x00000007eaab0000)
  object space 349568K, 0% used [0x00000007c0000000,0x00000007c031efc0,0x00000007d5560000)
 PSPermGen       total 34880K, used 34790K [0x00000007b8000000, 0x00000007ba210000, 0x00000007c0000000)
  object space 34880K, 99% used [0x00000007b8000000,0x00000007ba1f98d8,0x00000007ba210000)

